{
  "0 debug pnpm:scope": {
    "selected": 1,
    "workspacePrefix": null
  },
  "1 error pnpm": {
    "message": {
      "errno": 3221225786,
      "code": "ELIFECYCLE",
      "pkgid": "enquete@0.1.0",
      "stage": "serve",
      "script": "vue-cli-service serve",
      "pkgname": "enquete"
    },
    "err": {
      "name": "Error",
      "message": "enquete@0.1.0 serve: `vue-cli-service serve`\nExit status 3221225786",
      "code": "ELIFECYCLE",
      "stack": "Error: enquete@0.1.0 serve: `vue-cli-service serve`\nExit status 3221225786\n    at EventEmitter.proc.on (C:\\Program Files\\Node.JS\\node_modules\\pnpm\\lib\\node_modules\\@zkochan\\npm-lifecycle\\index.js:302:16)\n    at EventEmitter.emit (events.js:189:13)\n    at ChildProcess.<anonymous> (C:\\Program Files\\Node.JS\\node_modules\\pnpm\\lib\\node_modules\\@zkochan\\npm-lifecycle\\lib\\spawn.js:55:14)\n    at ChildProcess.emit (events.js:189:13)\n    at maybeClose (internal/child_process.js:970:16)\n    at Process.ChildProcess._handle.onexit (internal/child_process.js:259:5)"
    }
  }
}